<?xml version="1.0" encoding="UTF-8"?>
<!-- Generated by org.testng.reporters.JUnitReportReporter -->
<testsuite skipped="6" hostname="DQ-Harish" name="deque.scripts.Testcases" tests="7" failures="0" timestamp="15 Oct 2017 08:27:38 GMT" time="24.748" errors="0">
  <testcase name="appLogin" time="24.748" classname="deque.scripts.Testcases"/>
  <testcase name="createTestrun" classname="deque.scripts.Testcases">
    <skipped/>
  </testcase> <!-- createTestrun -->
  <testcase name="starttesting" classname="deque.scripts.Testcases">
    <skipped/>
  </testcase> <!-- starttesting -->
  <testcase name="continuetesting" classname="deque.scripts.Testcases">
    <skipped/>
  </testcase> <!-- continuetesting -->
  <testcase name="createnewTestcase" classname="deque.scripts.Testcases">
    <skipped/>
  </testcase> <!-- createnewTestcase -->
  <testcase name="userLogout" classname="deque.scripts.Testcases">
    <skipped/>
  </testcase> <!-- userLogout -->
  <testcase name="cptoAddIssue" classname="deque.scripts.Testcases">
    <skipped/>
  </testcase> <!-- cptoAddIssue -->
</testsuite> <!-- deque.scripts.Testcases -->
