<?xml version="1.0" encoding="UTF-8"?>
<!-- Generated by org.testng.reporters.JUnitReportReporter -->
<testsuite skipped="0" hostname="DQ-Harish" name="deque.scripts.Testrun" tests="1" failures="0" timestamp="15 Oct 2017 07:52:49 GMT" time="0.014" errors="0">
  <testcase name="appLogin2" time="0.014" classname="deque.scripts.Testrun"/>
</testsuite> <!-- deque.scripts.Testrun -->
