<?xml version="1.0" encoding="UTF-8"?>
<!-- Generated by org.testng.reporters.JUnitReportReporter -->
<testsuite skipped="2" hostname="DQ-Harish" name="assure.scripts.SmokeTest" tests="4" failures="0" timestamp="14 Nov 2017 09:44:48 GMT" time="103.337" errors="0">
  <testcase name="createTestCase" time="56.018" classname="assure.scripts.SmokeTest"/>
  <testcase name="createFolder" time="47.319" classname="assure.scripts.SmokeTest"/>
  <testcase name="createSmokeuser" classname="assure.scripts.SmokeTest">
    <skipped/>
  </testcase> <!-- createSmokeuser -->
  <testcase name="createTestrun" classname="assure.scripts.SmokeTest">
    <skipped/>
  </testcase> <!-- createTestrun -->
</testsuite> <!-- assure.scripts.SmokeTest -->
