<?xml version="1.0" encoding="UTF-8"?>
<!-- Generated by org.testng.reporters.JUnitReportReporter -->
<testsuite skipped="0" hostname="DQ-Harish" name="deque.scripts.Testcase1" tests="2" failures="0" timestamp="09 Oct 2017 07:47:03 GMT" time="87.872" errors="0">
  <testcase name="createTestcase" time="55.173" classname="deque.scripts.Testcase1"/>
  <testcase name="appLogin" time="32.699" classname="deque.scripts.Testcase1"/>
</testsuite> <!-- deque.scripts.Testcase1 -->
