<?xml version="1.0" encoding="UTF-8"?>
<!-- Generated by org.testng.reporters.JUnitReportReporter -->
<testsuite skipped="0" hostname="DQ-Harish" name="assure.scripts.CreateTestcase" tests="1" failures="0" timestamp="07 Nov 2017 08:37:55 GMT" time="220.394" errors="0">
  <testcase name="createSmokeuser" time="220.394" classname="assure.scripts.CreateTestcase"/>
</testsuite> <!-- assure.scripts.CreateTestcase -->
