<?xml version="1.0" encoding="UTF-8"?>
<!-- Generated by org.testng.reporters.JUnitReportReporter -->
<testsuite skipped="0" hostname="DQ-Harish" name="assure.scripts.TESTTTT" tests="1" failures="0" timestamp="05 Nov 2017 13:32:12 GMT" time="0.016" errors="0">
  <testcase name="methodNameKavali" time="0.016" classname="assure.scripts.TESTTTT"/>
</testsuite> <!-- assure.scripts.TESTTTT -->
