<?xml version="1.0" encoding="UTF-8"?>
<!-- Generated by org.testng.reporters.JUnitReportReporter -->
<testsuite skipped="0" hostname="DQ-Harish" name="assure.scripts.CreateUser" tests="1" failures="0" timestamp="06 Nov 2017 11:37:27 GMT" time="8.057" errors="0">
  <testcase name="createTC" time="8.057" classname="assure.scripts.CreateUser"/>
</testsuite> <!-- assure.scripts.CreateUser -->
